2024-10-16T18:48:45.367+09:00  INFO 18427 --- [main] com.uam_control_system.UamServer         : Starting UamServer using Java 17.0.6 with PID 18427 (/Users/kimhuisu/uam-control-system-be/build/classes/java/main started by kimhuisu in /Users/kimhuisu/uam-control-system-be)
2024-10-16T18:48:45.371+09:00 DEBUG 18427 --- [main] com.uam_control_system.UamServer         : Running with Spring Boot v3.3.2, Spring v6.1.11
2024-10-16T18:48:45.372+09:00  INFO 18427 --- [main] com.uam_control_system.UamServer         : No active profile set, falling back to 1 default profile: "default"
2024-10-16T18:48:45.669+09:00  WARN 18427 --- [main] onfigReactiveWebServerApplicationContext : Exception encountered during context initialization - cancelling refresh attempt: org.springframework.beans.factory.UnsatisfiedDependencyException: Error creating bean with name 'commandController' defined in file [/Users/kimhuisu/uam-control-system-be/build/classes/java/main/com/uam_control_system/controller/CommandController.class]: Unsatisfied dependency expressed through constructor parameter 1: Error creating bean with name 'droneController' defined in file [/Users/kimhuisu/uam-control-system-be/build/classes/java/main/com/uam_control_system/controller/DroneController.class]: Unsatisfied dependency expressed through constructor parameter 1: Error creating bean with name 'commandController': Requested bean is currently in creation: Is there an unresolvable circular reference?
2024-10-16T18:48:45.673+09:00  INFO 18427 --- [main] .s.b.a.l.ConditionEvaluationReportLogger : 

Error starting ApplicationContext. To display the condition evaluation report re-run your application with 'debug' enabled.
2024-10-16T18:48:45.685+09:00 ERROR 18427 --- [main] o.s.b.d.LoggingFailureAnalysisReporter   : 

***************************
APPLICATION FAILED TO START
***************************

Description:

The dependencies of some of the beans in the application context form a cycle:

┌─────┐
|  commandController defined in file [/Users/kimhuisu/uam-control-system-be/build/classes/java/main/com/uam_control_system/controller/CommandController.class]
↑     ↓
|  droneController defined in file [/Users/kimhuisu/uam-control-system-be/build/classes/java/main/com/uam_control_system/controller/DroneController.class]
└─────┘


Action:

Relying upon circular references is discouraged and they are prohibited by default. Update your application to remove the dependency cycle between beans. As a last resort, it may be possible to break the cycle automatically by setting spring.main.allow-circular-references to true.

2024-10-16T19:01:24.405+09:00  INFO 18698 --- [main] com.uam_control_system.UamServer         : Starting UamServer using Java 17.0.6 with PID 18698 (/Users/kimhuisu/uam-control-system-be/build/classes/java/main started by kimhuisu in /Users/kimhuisu/uam-control-system-be)
2024-10-16T19:01:24.407+09:00 DEBUG 18698 --- [main] com.uam_control_system.UamServer         : Running with Spring Boot v3.3.2, Spring v6.1.11
2024-10-16T19:01:24.407+09:00  INFO 18698 --- [main] com.uam_control_system.UamServer         : No active profile set, falling back to 1 default profile: "default"
2024-10-16T19:01:24.696+09:00  WARN 18698 --- [main] onfigReactiveWebServerApplicationContext : Exception encountered during context initialization - cancelling refresh attempt: org.springframework.beans.factory.UnsatisfiedDependencyException: Error creating bean with name 'commandController' defined in file [/Users/kimhuisu/uam-control-system-be/build/classes/java/main/com/uam_control_system/controller/CommandController.class]: Unsatisfied dependency expressed through constructor parameter 1: Error creating bean with name 'droneService' defined in file [/Users/kimhuisu/uam-control-system-be/build/classes/java/main/com/uam_control_system/service/DroneService.class]: Unsatisfied dependency expressed through constructor parameter 0: Error creating bean with name 'droneController' defined in file [/Users/kimhuisu/uam-control-system-be/build/classes/java/main/com/uam_control_system/controller/DroneController.class]: Unsatisfied dependency expressed through constructor parameter 0: Error creating bean with name 'droneService': Requested bean is currently in creation: Is there an unresolvable circular reference?
2024-10-16T19:01:24.700+09:00  INFO 18698 --- [main] .s.b.a.l.ConditionEvaluationReportLogger : 

Error starting ApplicationContext. To display the condition evaluation report re-run your application with 'debug' enabled.
2024-10-16T19:01:24.706+09:00 ERROR 18698 --- [main] o.s.b.d.LoggingFailureAnalysisReporter   : 

***************************
APPLICATION FAILED TO START
***************************

Description:

The dependencies of some of the beans in the application context form a cycle:

   commandController defined in file [/Users/kimhuisu/uam-control-system-be/build/classes/java/main/com/uam_control_system/controller/CommandController.class]
┌─────┐
|  droneService defined in file [/Users/kimhuisu/uam-control-system-be/build/classes/java/main/com/uam_control_system/service/DroneService.class]
↑     ↓
|  droneController defined in file [/Users/kimhuisu/uam-control-system-be/build/classes/java/main/com/uam_control_system/controller/DroneController.class]
└─────┘


Action:

Relying upon circular references is discouraged and they are prohibited by default. Update your application to remove the dependency cycle between beans. As a last resort, it may be possible to break the cycle automatically by setting spring.main.allow-circular-references to true.

2024-10-16T19:06:11.685+09:00  INFO 18845 --- [main] com.uam_control_system.UamServer         : Starting UamServer using Java 17.0.6 with PID 18845 (/Users/kimhuisu/uam-control-system-be/build/classes/java/main started by kimhuisu in /Users/kimhuisu/uam-control-system-be)
2024-10-16T19:06:11.695+09:00 DEBUG 18845 --- [main] com.uam_control_system.UamServer         : Running with Spring Boot v3.3.2, Spring v6.1.11
2024-10-16T19:06:11.696+09:00  INFO 18845 --- [main] com.uam_control_system.UamServer         : No active profile set, falling back to 1 default profile: "default"
2024-10-16T19:06:11.993+09:00  WARN 18845 --- [main] onfigReactiveWebServerApplicationContext : Exception encountered during context initialization - cancelling refresh attempt: org.springframework.beans.factory.UnsatisfiedDependencyException: Error creating bean with name 'commandController' defined in file [/Users/kimhuisu/uam-control-system-be/build/classes/java/main/com/uam_control_system/controller/CommandController.class]: Unsatisfied dependency expressed through constructor parameter 1: Error creating bean with name 'droneController' defined in file [/Users/kimhuisu/uam-control-system-be/build/classes/java/main/com/uam_control_system/controller/DroneController.class]: Unsatisfied dependency expressed through constructor parameter 0: Error creating bean with name 'droneService' defined in file [/Users/kimhuisu/uam-control-system-be/build/classes/java/main/com/uam_control_system/service/DroneService.class]: Unsatisfied dependency expressed through constructor parameter 0: Error creating bean with name 'droneController': Requested bean is currently in creation: Is there an unresolvable circular reference?
2024-10-16T19:06:11.997+09:00  INFO 18845 --- [main] .s.b.a.l.ConditionEvaluationReportLogger : 

Error starting ApplicationContext. To display the condition evaluation report re-run your application with 'debug' enabled.
2024-10-16T19:06:12.003+09:00 ERROR 18845 --- [main] o.s.b.d.LoggingFailureAnalysisReporter   : 

***************************
APPLICATION FAILED TO START
***************************

Description:

The dependencies of some of the beans in the application context form a cycle:

   commandController defined in file [/Users/kimhuisu/uam-control-system-be/build/classes/java/main/com/uam_control_system/controller/CommandController.class]
┌─────┐
|  droneController defined in file [/Users/kimhuisu/uam-control-system-be/build/classes/java/main/com/uam_control_system/controller/DroneController.class]
↑     ↓
|  droneService defined in file [/Users/kimhuisu/uam-control-system-be/build/classes/java/main/com/uam_control_system/service/DroneService.class]
└─────┘


Action:

Relying upon circular references is discouraged and they are prohibited by default. Update your application to remove the dependency cycle between beans. As a last resort, it may be possible to break the cycle automatically by setting spring.main.allow-circular-references to true.

2024-10-16T19:09:05.598+09:00  INFO 18948 --- [main] com.uam_control_system.UamServer         : Starting UamServer using Java 17.0.6 with PID 18948 (/Users/kimhuisu/uam-control-system-be/build/classes/java/main started by kimhuisu in /Users/kimhuisu/uam-control-system-be)
2024-10-16T19:09:05.599+09:00 DEBUG 18948 --- [main] com.uam_control_system.UamServer         : Running with Spring Boot v3.3.2, Spring v6.1.11
2024-10-16T19:09:05.600+09:00  INFO 18948 --- [main] com.uam_control_system.UamServer         : No active profile set, falling back to 1 default profile: "default"
2024-10-16T19:09:05.898+09:00  WARN 18948 --- [main] onfigReactiveWebServerApplicationContext : Exception encountered during context initialization - cancelling refresh attempt: org.springframework.beans.factory.UnsatisfiedDependencyException: Error creating bean with name 'droneController' defined in file [/Users/kimhuisu/uam-control-system-be/build/classes/java/main/com/uam_control_system/controller/DroneController.class]: Unsatisfied dependency expressed through constructor parameter 0: Error creating bean with name 'droneService' defined in file [/Users/kimhuisu/uam-control-system-be/build/classes/java/main/com/uam_control_system/service/DroneService.class]: Unsatisfied dependency expressed through constructor parameter 0: Error creating bean with name 'droneController': Requested bean is currently in creation: Is there an unresolvable circular reference?
2024-10-16T19:09:05.902+09:00  INFO 18948 --- [main] .s.b.a.l.ConditionEvaluationReportLogger : 

Error starting ApplicationContext. To display the condition evaluation report re-run your application with 'debug' enabled.
2024-10-16T19:09:05.912+09:00 ERROR 18948 --- [main] o.s.b.d.LoggingFailureAnalysisReporter   : 

***************************
APPLICATION FAILED TO START
***************************

Description:

The dependencies of some of the beans in the application context form a cycle:

┌─────┐
|  droneController defined in file [/Users/kimhuisu/uam-control-system-be/build/classes/java/main/com/uam_control_system/controller/DroneController.class]
↑     ↓
|  droneService defined in file [/Users/kimhuisu/uam-control-system-be/build/classes/java/main/com/uam_control_system/service/DroneService.class]
└─────┘


Action:

Relying upon circular references is discouraged and they are prohibited by default. Update your application to remove the dependency cycle between beans. As a last resort, it may be possible to break the cycle automatically by setting spring.main.allow-circular-references to true.

2024-10-16T19:24:57.260+09:00  INFO 19490 --- [main] com.uam_control_system.UamServer         : Starting UamServer using Java 17.0.6 with PID 19490 (/Users/kimhuisu/uam-control-system-be/build/classes/java/main started by kimhuisu in /Users/kimhuisu/uam-control-system-be)
2024-10-16T19:24:57.261+09:00 DEBUG 19490 --- [main] com.uam_control_system.UamServer         : Running with Spring Boot v3.3.2, Spring v6.1.11
2024-10-16T19:24:57.261+09:00  INFO 19490 --- [main] com.uam_control_system.UamServer         : No active profile set, falling back to 1 default profile: "default"
2024-10-16T19:24:57.563+09:00  WARN 19490 --- [main] onfigReactiveWebServerApplicationContext : Exception encountered during context initialization - cancelling refresh attempt: org.springframework.beans.factory.UnsatisfiedDependencyException: Error creating bean with name 'droneController' defined in file [/Users/kimhuisu/uam-control-system-be/build/classes/java/main/com/uam_control_system/controller/DroneController.class]: Unsatisfied dependency expressed through constructor parameter 0: Error creating bean with name 'droneService' defined in file [/Users/kimhuisu/uam-control-system-be/build/classes/java/main/com/uam_control_system/service/DroneService.class]: Unsatisfied dependency expressed through constructor parameter 0: No qualifying bean of type 'org.springframework.web.client.RestTemplate' available: expected at least 1 bean which qualifies as autowire candidate. Dependency annotations: {}
2024-10-16T19:24:57.567+09:00  INFO 19490 --- [main] .s.b.a.l.ConditionEvaluationReportLogger : 

Error starting ApplicationContext. To display the condition evaluation report re-run your application with 'debug' enabled.
2024-10-16T19:24:57.578+09:00 ERROR 19490 --- [main] o.s.b.d.LoggingFailureAnalysisReporter   : 

***************************
APPLICATION FAILED TO START
***************************

Description:

Parameter 0 of constructor in com.uam_control_system.service.DroneService required a bean of type 'org.springframework.web.client.RestTemplate' that could not be found.


Action:

Consider defining a bean of type 'org.springframework.web.client.RestTemplate' in your configuration.

2024-10-16T19:26:04.959+09:00  INFO 19558 --- [main] com.uam_control_system.UamServer         : Starting UamServer using Java 17.0.6 with PID 19558 (/Users/kimhuisu/uam-control-system-be/build/classes/java/main started by kimhuisu in /Users/kimhuisu/uam-control-system-be)
2024-10-16T19:26:04.960+09:00 DEBUG 19558 --- [main] com.uam_control_system.UamServer         : Running with Spring Boot v3.3.2, Spring v6.1.11
2024-10-16T19:26:04.960+09:00  INFO 19558 --- [main] com.uam_control_system.UamServer         : No active profile set, falling back to 1 default profile: "default"
2024-10-16T19:26:05.254+09:00  WARN 19558 --- [main] onfigReactiveWebServerApplicationContext : Exception encountered during context initialization - cancelling refresh attempt: org.springframework.beans.factory.UnsatisfiedDependencyException: Error creating bean with name 'droneController' defined in file [/Users/kimhuisu/uam-control-system-be/build/classes/java/main/com/uam_control_system/controller/DroneController.class]: Unsatisfied dependency expressed through constructor parameter 0: Error creating bean with name 'droneService' defined in file [/Users/kimhuisu/uam-control-system-be/build/classes/java/main/com/uam_control_system/service/DroneService.class]: Unsatisfied dependency expressed through constructor parameter 0: No qualifying bean of type 'org.springframework.web.client.RestTemplate' available: expected at least 1 bean which qualifies as autowire candidate. Dependency annotations: {}
2024-10-16T19:26:05.258+09:00  INFO 19558 --- [main] .s.b.a.l.ConditionEvaluationReportLogger : 

Error starting ApplicationContext. To display the condition evaluation report re-run your application with 'debug' enabled.
2024-10-16T19:26:05.270+09:00 ERROR 19558 --- [main] o.s.b.d.LoggingFailureAnalysisReporter   : 

***************************
APPLICATION FAILED TO START
***************************

Description:

Parameter 0 of constructor in com.uam_control_system.service.DroneService required a bean of type 'org.springframework.web.client.RestTemplate' that could not be found.


Action:

Consider defining a bean of type 'org.springframework.web.client.RestTemplate' in your configuration.

2024-10-16T19:28:57.875+09:00  INFO 19670 --- [main] com.uam_control_system.UamServer         : Starting UamServer using Java 17.0.6 with PID 19670 (/Users/kimhuisu/uam-control-system-be/build/classes/java/main started by kimhuisu in /Users/kimhuisu/uam-control-system-be)
2024-10-16T19:28:57.876+09:00 DEBUG 19670 --- [main] com.uam_control_system.UamServer         : Running with Spring Boot v3.3.2, Spring v6.1.11
2024-10-16T19:28:57.877+09:00  INFO 19670 --- [main] com.uam_control_system.UamServer         : No active profile set, falling back to 1 default profile: "default"
2024-10-16T19:28:58.205+09:00  WARN 19670 --- [main] onfigReactiveWebServerApplicationContext : Exception encountered during context initialization - cancelling refresh attempt: org.springframework.beans.factory.UnsatisfiedDependencyException: Error creating bean with name 'droneController' defined in file [/Users/kimhuisu/uam-control-system-be/build/classes/java/main/com/uam_control_system/controller/DroneController.class]: Unsatisfied dependency expressed through constructor parameter 0: Error creating bean with name 'droneService': Injection of autowired dependencies failed
2024-10-16T19:28:58.209+09:00  INFO 19670 --- [main] .s.b.a.l.ConditionEvaluationReportLogger : 

Error starting ApplicationContext. To display the condition evaluation report re-run your application with 'debug' enabled.
2024-10-16T19:28:58.214+09:00 ERROR 19670 --- [main] o.s.boot.SpringApplication               : Application run failed

org.springframework.beans.factory.UnsatisfiedDependencyException: Error creating bean with name 'droneController' defined in file [/Users/kimhuisu/uam-control-system-be/build/classes/java/main/com/uam_control_system/controller/DroneController.class]: Unsatisfied dependency expressed through constructor parameter 0: Error creating bean with name 'droneService': Injection of autowired dependencies failed
	at org.springframework.beans.factory.support.ConstructorResolver.createArgumentArray(ConstructorResolver.java:795) ~[spring-beans-6.1.11.jar:6.1.11]
	at org.springframework.beans.factory.support.ConstructorResolver.autowireConstructor(ConstructorResolver.java:237) ~[spring-beans-6.1.11.jar:6.1.11]
	at org.springframework.beans.factory.support.AbstractAutowireCapableBeanFactory.autowireConstructor(AbstractAutowireCapableBeanFactory.java:1375) ~[spring-beans-6.1.11.jar:6.1.11]
	at org.springframework.beans.factory.support.AbstractAutowireCapableBeanFactory.createBeanInstance(AbstractAutowireCapableBeanFactory.java:1212) ~[spring-beans-6.1.11.jar:6.1.11]
	at org.springframework.beans.factory.support.AbstractAutowireCapableBeanFactory.doCreateBean(AbstractAutowireCapableBeanFactory.java:562) ~[spring-beans-6.1.11.jar:6.1.11]
	at org.springframework.beans.factory.support.AbstractAutowireCapableBeanFactory.createBean(AbstractAutowireCapableBeanFactory.java:522) ~[spring-beans-6.1.11.jar:6.1.11]
	at org.springframework.beans.factory.support.AbstractBeanFactory.lambda$doGetBean$0(AbstractBeanFactory.java:337) ~[spring-beans-6.1.11.jar:6.1.11]
	at org.springframework.beans.factory.support.DefaultSingletonBeanRegistry.getSingleton(DefaultSingletonBeanRegistry.java:234) ~[spring-beans-6.1.11.jar:6.1.11]
	at org.springframework.beans.factory.support.AbstractBeanFactory.doGetBean(AbstractBeanFactory.java:335) ~[spring-beans-6.1.11.jar:6.1.11]
	at org.springframework.beans.factory.support.AbstractBeanFactory.getBean(AbstractBeanFactory.java:200) ~[spring-beans-6.1.11.jar:6.1.11]
	at org.springframework.beans.factory.support.DefaultListableBeanFactory.preInstantiateSingletons(DefaultListableBeanFactory.java:975) ~[spring-beans-6.1.11.jar:6.1.11]
	at org.springframework.context.support.AbstractApplicationContext.finishBeanFactoryInitialization(AbstractApplicationContext.java:971) ~[spring-context-6.1.11.jar:6.1.11]
	at org.springframework.context.support.AbstractApplicationContext.refresh(AbstractApplicationContext.java:625) ~[spring-context-6.1.11.jar:6.1.11]
	at org.springframework.boot.web.reactive.context.ReactiveWebServerApplicationContext.refresh(ReactiveWebServerApplicationContext.java:66) ~[spring-boot-3.3.2.jar:3.3.2]
	at org.springframework.boot.SpringApplication.refresh(SpringApplication.java:754) ~[spring-boot-3.3.2.jar:3.3.2]
	at org.springframework.boot.SpringApplication.refreshContext(SpringApplication.java:456) ~[spring-boot-3.3.2.jar:3.3.2]
	at org.springframework.boot.SpringApplication.run(SpringApplication.java:335) ~[spring-boot-3.3.2.jar:3.3.2]
	at org.springframework.boot.SpringApplication.run(SpringApplication.java:1363) ~[spring-boot-3.3.2.jar:3.3.2]
	at org.springframework.boot.SpringApplication.run(SpringApplication.java:1352) ~[spring-boot-3.3.2.jar:3.3.2]
	at com.uam_control_system.UamServer.main(UamServer.java:9) ~[main/:na]
Caused by: org.springframework.beans.factory.BeanCreationException: Error creating bean with name 'droneService': Injection of autowired dependencies failed
	at org.springframework.beans.factory.annotation.AutowiredAnnotationBeanPostProcessor.postProcessProperties(AutowiredAnnotationBeanPostProcessor.java:514) ~[spring-beans-6.1.11.jar:6.1.11]
	at org.springframework.beans.factory.support.AbstractAutowireCapableBeanFactory.populateBean(AbstractAutowireCapableBeanFactory.java:1439) ~[spring-beans-6.1.11.jar:6.1.11]
	at org.springframework.beans.factory.support.AbstractAutowireCapableBeanFactory.doCreateBean(AbstractAutowireCapableBeanFactory.java:599) ~[spring-beans-6.1.11.jar:6.1.11]
	at org.springframework.beans.factory.support.AbstractAutowireCapableBeanFactory.createBean(AbstractAutowireCapableBeanFactory.java:522) ~[spring-beans-6.1.11.jar:6.1.11]
	at org.springframework.beans.factory.support.AbstractBeanFactory.lambda$doGetBean$0(AbstractBeanFactory.java:337) ~[spring-beans-6.1.11.jar:6.1.11]
	at org.springframework.beans.factory.support.DefaultSingletonBeanRegistry.getSingleton(DefaultSingletonBeanRegistry.java:234) ~[spring-beans-6.1.11.jar:6.1.11]
	at org.springframework.beans.factory.support.AbstractBeanFactory.doGetBean(AbstractBeanFactory.java:335) ~[spring-beans-6.1.11.jar:6.1.11]
	at org.springframework.beans.factory.support.AbstractBeanFactory.getBean(AbstractBeanFactory.java:200) ~[spring-beans-6.1.11.jar:6.1.11]
	at org.springframework.beans.factory.config.DependencyDescriptor.resolveCandidate(DependencyDescriptor.java:254) ~[spring-beans-6.1.11.jar:6.1.11]
	at org.springframework.beans.factory.support.DefaultListableBeanFactory.doResolveDependency(DefaultListableBeanFactory.java:1443) ~[spring-beans-6.1.11.jar:6.1.11]
	at org.springframework.beans.factory.support.DefaultListableBeanFactory.resolveDependency(DefaultListableBeanFactory.java:1353) ~[spring-beans-6.1.11.jar:6.1.11]
	at org.springframework.beans.factory.support.ConstructorResolver.resolveAutowiredArgument(ConstructorResolver.java:904) ~[spring-beans-6.1.11.jar:6.1.11]
	at org.springframework.beans.factory.support.ConstructorResolver.createArgumentArray(ConstructorResolver.java:782) ~[spring-beans-6.1.11.jar:6.1.11]
	... 19 common frames omitted
Caused by: java.lang.IllegalArgumentException: Could not resolve placeholder 'frontend.url' in value "${frontend.url}"
	at org.springframework.util.PropertyPlaceholderHelper.parseStringValue(PropertyPlaceholderHelper.java:180) ~[spring-core-6.1.11.jar:6.1.11]
	at org.springframework.util.PropertyPlaceholderHelper.replacePlaceholders(PropertyPlaceholderHelper.java:126) ~[spring-core-6.1.11.jar:6.1.11]
	at org.springframework.core.env.AbstractPropertyResolver.doResolvePlaceholders(AbstractPropertyResolver.java:239) ~[spring-core-6.1.11.jar:6.1.11]
	at org.springframework.core.env.AbstractPropertyResolver.resolveRequiredPlaceholders(AbstractPropertyResolver.java:210) ~[spring-core-6.1.11.jar:6.1.11]
	at org.springframework.context.support.PropertySourcesPlaceholderConfigurer.lambda$processProperties$0(PropertySourcesPlaceholderConfigurer.java:200) ~[spring-context-6.1.11.jar:6.1.11]
	at org.springframework.beans.factory.support.AbstractBeanFactory.resolveEmbeddedValue(AbstractBeanFactory.java:964) ~[spring-beans-6.1.11.jar:6.1.11]
	at org.springframework.beans.factory.support.DefaultListableBeanFactory.doResolveDependency(DefaultListableBeanFactory.java:1374) ~[spring-beans-6.1.11.jar:6.1.11]
	at org.springframework.beans.factory.support.DefaultListableBeanFactory.resolveDependency(DefaultListableBeanFactory.java:1353) ~[spring-beans-6.1.11.jar:6.1.11]
	at org.springframework.beans.factory.annotation.AutowiredAnnotationBeanPostProcessor$AutowiredFieldElement.resolveFieldValue(AutowiredAnnotationBeanPostProcessor.java:784) ~[spring-beans-6.1.11.jar:6.1.11]
	at org.springframework.beans.factory.annotation.AutowiredAnnotationBeanPostProcessor$AutowiredFieldElement.inject(AutowiredAnnotationBeanPostProcessor.java:767) ~[spring-beans-6.1.11.jar:6.1.11]
	at org.springframework.beans.factory.annotation.InjectionMetadata.inject(InjectionMetadata.java:145) ~[spring-beans-6.1.11.jar:6.1.11]
	at org.springframework.beans.factory.annotation.AutowiredAnnotationBeanPostProcessor.postProcessProperties(AutowiredAnnotationBeanPostProcessor.java:508) ~[spring-beans-6.1.11.jar:6.1.11]
	... 31 common frames omitted

2024-10-16T19:29:26.375+09:00  INFO 19713 --- [main] com.uam_control_system.UamServer         : Starting UamServer using Java 17.0.6 with PID 19713 (/Users/kimhuisu/uam-control-system-be/build/classes/java/main started by kimhuisu in /Users/kimhuisu/uam-control-system-be)
2024-10-16T19:29:26.376+09:00 DEBUG 19713 --- [main] com.uam_control_system.UamServer         : Running with Spring Boot v3.3.2, Spring v6.1.11
2024-10-16T19:29:26.376+09:00  INFO 19713 --- [main] com.uam_control_system.UamServer         : No active profile set, falling back to 1 default profile: "default"
2024-10-16T19:29:26.738+09:00  WARN 19713 --- [main] onfigReactiveWebServerApplicationContext : Exception encountered during context initialization - cancelling refresh attempt: org.springframework.beans.factory.UnsatisfiedDependencyException: Error creating bean with name 'droneController' defined in file [/Users/kimhuisu/uam-control-system-be/build/classes/java/main/com/uam_control_system/controller/DroneController.class]: Unsatisfied dependency expressed through constructor parameter 0: Error creating bean with name 'droneService': Injection of autowired dependencies failed
2024-10-16T19:29:26.742+09:00  INFO 19713 --- [main] .s.b.a.l.ConditionEvaluationReportLogger : 

Error starting ApplicationContext. To display the condition evaluation report re-run your application with 'debug' enabled.
2024-10-16T19:29:26.750+09:00 ERROR 19713 --- [main] o.s.boot.SpringApplication               : Application run failed

org.springframework.beans.factory.UnsatisfiedDependencyException: Error creating bean with name 'droneController' defined in file [/Users/kimhuisu/uam-control-system-be/build/classes/java/main/com/uam_control_system/controller/DroneController.class]: Unsatisfied dependency expressed through constructor parameter 0: Error creating bean with name 'droneService': Injection of autowired dependencies failed
	at org.springframework.beans.factory.support.ConstructorResolver.createArgumentArray(ConstructorResolver.java:795) ~[spring-beans-6.1.11.jar:6.1.11]
	at org.springframework.beans.factory.support.ConstructorResolver.autowireConstructor(ConstructorResolver.java:237) ~[spring-beans-6.1.11.jar:6.1.11]
	at org.springframework.beans.factory.support.AbstractAutowireCapableBeanFactory.autowireConstructor(AbstractAutowireCapableBeanFactory.java:1375) ~[spring-beans-6.1.11.jar:6.1.11]
	at org.springframework.beans.factory.support.AbstractAutowireCapableBeanFactory.createBeanInstance(AbstractAutowireCapableBeanFactory.java:1212) ~[spring-beans-6.1.11.jar:6.1.11]
	at org.springframework.beans.factory.support.AbstractAutowireCapableBeanFactory.doCreateBean(AbstractAutowireCapableBeanFactory.java:562) ~[spring-beans-6.1.11.jar:6.1.11]
	at org.springframework.beans.factory.support.AbstractAutowireCapableBeanFactory.createBean(AbstractAutowireCapableBeanFactory.java:522) ~[spring-beans-6.1.11.jar:6.1.11]
	at org.springframework.beans.factory.support.AbstractBeanFactory.lambda$doGetBean$0(AbstractBeanFactory.java:337) ~[spring-beans-6.1.11.jar:6.1.11]
	at org.springframework.beans.factory.support.DefaultSingletonBeanRegistry.getSingleton(DefaultSingletonBeanRegistry.java:234) ~[spring-beans-6.1.11.jar:6.1.11]
	at org.springframework.beans.factory.support.AbstractBeanFactory.doGetBean(AbstractBeanFactory.java:335) ~[spring-beans-6.1.11.jar:6.1.11]
	at org.springframework.beans.factory.support.AbstractBeanFactory.getBean(AbstractBeanFactory.java:200) ~[spring-beans-6.1.11.jar:6.1.11]
	at org.springframework.beans.factory.support.DefaultListableBeanFactory.preInstantiateSingletons(DefaultListableBeanFactory.java:975) ~[spring-beans-6.1.11.jar:6.1.11]
	at org.springframework.context.support.AbstractApplicationContext.finishBeanFactoryInitialization(AbstractApplicationContext.java:971) ~[spring-context-6.1.11.jar:6.1.11]
	at org.springframework.context.support.AbstractApplicationContext.refresh(AbstractApplicationContext.java:625) ~[spring-context-6.1.11.jar:6.1.11]
	at org.springframework.boot.web.reactive.context.ReactiveWebServerApplicationContext.refresh(ReactiveWebServerApplicationContext.java:66) ~[spring-boot-3.3.2.jar:3.3.2]
	at org.springframework.boot.SpringApplication.refresh(SpringApplication.java:754) ~[spring-boot-3.3.2.jar:3.3.2]
	at org.springframework.boot.SpringApplication.refreshContext(SpringApplication.java:456) ~[spring-boot-3.3.2.jar:3.3.2]
	at org.springframework.boot.SpringApplication.run(SpringApplication.java:335) ~[spring-boot-3.3.2.jar:3.3.2]
	at org.springframework.boot.SpringApplication.run(SpringApplication.java:1363) ~[spring-boot-3.3.2.jar:3.3.2]
	at org.springframework.boot.SpringApplication.run(SpringApplication.java:1352) ~[spring-boot-3.3.2.jar:3.3.2]
	at com.uam_control_system.UamServer.main(UamServer.java:9) ~[main/:na]
Caused by: org.springframework.beans.factory.BeanCreationException: Error creating bean with name 'droneService': Injection of autowired dependencies failed
	at org.springframework.beans.factory.annotation.AutowiredAnnotationBeanPostProcessor.postProcessProperties(AutowiredAnnotationBeanPostProcessor.java:514) ~[spring-beans-6.1.11.jar:6.1.11]
	at org.springframework.beans.factory.support.AbstractAutowireCapableBeanFactory.populateBean(AbstractAutowireCapableBeanFactory.java:1439) ~[spring-beans-6.1.11.jar:6.1.11]
	at org.springframework.beans.factory.support.AbstractAutowireCapableBeanFactory.doCreateBean(AbstractAutowireCapableBeanFactory.java:599) ~[spring-beans-6.1.11.jar:6.1.11]
	at org.springframework.beans.factory.support.AbstractAutowireCapableBeanFactory.createBean(AbstractAutowireCapableBeanFactory.java:522) ~[spring-beans-6.1.11.jar:6.1.11]
	at org.springframework.beans.factory.support.AbstractBeanFactory.lambda$doGetBean$0(AbstractBeanFactory.java:337) ~[spring-beans-6.1.11.jar:6.1.11]
	at org.springframework.beans.factory.support.DefaultSingletonBeanRegistry.getSingleton(DefaultSingletonBeanRegistry.java:234) ~[spring-beans-6.1.11.jar:6.1.11]
	at org.springframework.beans.factory.support.AbstractBeanFactory.doGetBean(AbstractBeanFactory.java:335) ~[spring-beans-6.1.11.jar:6.1.11]
	at org.springframework.beans.factory.support.AbstractBeanFactory.getBean(AbstractBeanFactory.java:200) ~[spring-beans-6.1.11.jar:6.1.11]
	at org.springframework.beans.factory.config.DependencyDescriptor.resolveCandidate(DependencyDescriptor.java:254) ~[spring-beans-6.1.11.jar:6.1.11]
	at org.springframework.beans.factory.support.DefaultListableBeanFactory.doResolveDependency(DefaultListableBeanFactory.java:1443) ~[spring-beans-6.1.11.jar:6.1.11]
	at org.springframework.beans.factory.support.DefaultListableBeanFactory.resolveDependency(DefaultListableBeanFactory.java:1353) ~[spring-beans-6.1.11.jar:6.1.11]
	at org.springframework.beans.factory.support.ConstructorResolver.resolveAutowiredArgument(ConstructorResolver.java:904) ~[spring-beans-6.1.11.jar:6.1.11]
	at org.springframework.beans.factory.support.ConstructorResolver.createArgumentArray(ConstructorResolver.java:782) ~[spring-beans-6.1.11.jar:6.1.11]
	... 19 common frames omitted
Caused by: java.lang.IllegalArgumentException: Could not resolve placeholder 'frontend.url' in value "${frontend.url}"
	at org.springframework.util.PropertyPlaceholderHelper.parseStringValue(PropertyPlaceholderHelper.java:180) ~[spring-core-6.1.11.jar:6.1.11]
	at org.springframework.util.PropertyPlaceholderHelper.replacePlaceholders(PropertyPlaceholderHelper.java:126) ~[spring-core-6.1.11.jar:6.1.11]
	at org.springframework.core.env.AbstractPropertyResolver.doResolvePlaceholders(AbstractPropertyResolver.java:239) ~[spring-core-6.1.11.jar:6.1.11]
	at org.springframework.core.env.AbstractPropertyResolver.resolveRequiredPlaceholders(AbstractPropertyResolver.java:210) ~[spring-core-6.1.11.jar:6.1.11]
	at org.springframework.context.support.PropertySourcesPlaceholderConfigurer.lambda$processProperties$0(PropertySourcesPlaceholderConfigurer.java:200) ~[spring-context-6.1.11.jar:6.1.11]
	at org.springframework.beans.factory.support.AbstractBeanFactory.resolveEmbeddedValue(AbstractBeanFactory.java:964) ~[spring-beans-6.1.11.jar:6.1.11]
	at org.springframework.beans.factory.support.DefaultListableBeanFactory.doResolveDependency(DefaultListableBeanFactory.java:1374) ~[spring-beans-6.1.11.jar:6.1.11]
	at org.springframework.beans.factory.support.DefaultListableBeanFactory.resolveDependency(DefaultListableBeanFactory.java:1353) ~[spring-beans-6.1.11.jar:6.1.11]
	at org.springframework.beans.factory.annotation.AutowiredAnnotationBeanPostProcessor$AutowiredFieldElement.resolveFieldValue(AutowiredAnnotationBeanPostProcessor.java:784) ~[spring-beans-6.1.11.jar:6.1.11]
	at org.springframework.beans.factory.annotation.AutowiredAnnotationBeanPostProcessor$AutowiredFieldElement.inject(AutowiredAnnotationBeanPostProcessor.java:767) ~[spring-beans-6.1.11.jar:6.1.11]
	at org.springframework.beans.factory.annotation.InjectionMetadata.inject(InjectionMetadata.java:145) ~[spring-beans-6.1.11.jar:6.1.11]
	at org.springframework.beans.factory.annotation.AutowiredAnnotationBeanPostProcessor.postProcessProperties(AutowiredAnnotationBeanPostProcessor.java:508) ~[spring-beans-6.1.11.jar:6.1.11]
	... 31 common frames omitted

2024-10-16T19:30:50.141+09:00  INFO 19777 --- [main] com.uam_control_system.UamServer         : Starting UamServer using Java 17.0.6 with PID 19777 (/Users/kimhuisu/uam-control-system-be/build/classes/java/main started by kimhuisu in /Users/kimhuisu/uam-control-system-be)
2024-10-16T19:30:50.142+09:00 DEBUG 19777 --- [main] com.uam_control_system.UamServer         : Running with Spring Boot v3.3.2, Spring v6.1.11
2024-10-16T19:30:50.143+09:00  INFO 19777 --- [main] com.uam_control_system.UamServer         : No active profile set, falling back to 1 default profile: "default"
2024-10-16T19:30:50.640+09:00  INFO 19777 --- [main] o.s.b.web.embedded.netty.NettyWebServer  : Netty started on port 8080 (http)
2024-10-16T19:30:50.646+09:00  INFO 19777 --- [main] com.uam_control_system.UamServer         : Started UamServer in 0.661 seconds (process running for 0.791)
2024-10-16T19:30:58.721+09:00  INFO 19777 --- [reactor-http-nio-2] c.u.controller.CommandController         : 드론 위치 업데이트 요청 처리: Coordinate(instanceId=0, latitude=33.33, longitude=33.33, altitude=33.33, speed=0.0, status=null)
2024-10-16T19:30:58.724+09:00  INFO 19777 --- [reactor-http-nio-2] c.u.service.CommandService               : 드론 위치 업데이트 명령 수신: Coordinate(instanceId=0, latitude=33.33, longitude=33.33, altitude=33.33, speed=0.0, status=null)
2024-10-16T19:30:58.724+09:00 ERROR 19777 --- [reactor-http-nio-2] c.u.service.CommandService               : 드론 인스턴스 없음: 0
2024-10-16T19:31:08.736+09:00  INFO 19777 --- [reactor-http-nio-3] c.u.controller.CommandController         : 미션 수행 요청: Command(type=2, instanceId=1, latitude=33.33, longitude=33.33, missionItems=[])
2024-10-16T19:31:08.743+09:00  INFO 19777 --- [reactor-http-nio-3] c.u.service.CommandService               : 드론 미션 수신: []
2024-10-16T19:31:08.744+09:00 ERROR 19777 --- [reactor-http-nio-3] c.u.controller.CommandController         : 미션 수행 실패: Command(type=2, instanceId=1, latitude=33.33, longitude=33.33, missionItems=[])
2024-10-16T19:33:22.429+09:00  INFO 19777 --- [reactor-http-nio-4] c.u.controller.CommandController         : 드론 생성 요청 처리: Command(type=0, instanceId=1, latitude=33.33, longitude=33.33, missionItems=[])
2024-10-16T19:33:22.435+09:00  INFO 19777 --- [reactor-http-nio-4] c.u.service.CommandService               : 드론 생성 명령 수신: Command(type=0, instanceId=1, latitude=33.33, longitude=33.33, missionItems=[])
2024-10-16T19:33:22.436+09:00  INFO 19777 --- [reactor-http-nio-4] c.u.service.CommandService               : 드론 생성 성공: DroneInstance(instanceId=1, latitude=33.33, longitude=33.33, altitude=0.0, speed=0.0, status=드론 생성 완료)
2024-10-16T19:33:22.576+09:00 ERROR 19777 --- [reactor-http-nio-4] c.u.controller.CommandController         : 프론트엔드로 전송 중 오류 발생: 404 Not Found: "{"timestamp":"2024-10-16T10:33:22.566+00:00","path":"/droneCreated","status":404,"error":"Not Found","requestId":"5ab530ea-4"}"
2024-10-16T19:51:18.682+09:00  INFO 19777 --- [reactor-http-nio-6] c.u.controller.CommandController         : 미션 수행 요청: Command(type=2, instanceId=1, latitude=33.33, longitude=33.33, missionItems=[])
2024-10-16T19:51:18.685+09:00  INFO 19777 --- [reactor-http-nio-6] c.u.service.CommandService               : 드론 미션 수신: []
2024-10-16T19:51:18.686+09:00 ERROR 19777 --- [reactor-http-nio-6] c.u.controller.CommandController         : 미션 수행 실패: Command(type=2, instanceId=1, latitude=33.33, longitude=33.33, missionItems=[])
2024-10-16T19:52:36.876+09:00  INFO 20366 --- [main] com.uam_control_system.UamServer         : Starting UamServer using Java 17.0.6 with PID 20366 (/Users/kimhuisu/uam-control-system-be/build/classes/java/main started by kimhuisu in /Users/kimhuisu/uam-control-system-be)
2024-10-16T19:52:36.877+09:00 DEBUG 20366 --- [main] com.uam_control_system.UamServer         : Running with Spring Boot v3.3.2, Spring v6.1.11
2024-10-16T19:52:36.878+09:00  INFO 20366 --- [main] com.uam_control_system.UamServer         : No active profile set, falling back to 1 default profile: "default"
2024-10-16T19:52:37.376+09:00  INFO 20366 --- [main] o.s.b.web.embedded.netty.NettyWebServer  : Netty started on port 8080 (http)
2024-10-16T19:52:37.382+09:00  INFO 20366 --- [main] com.uam_control_system.UamServer         : Started UamServer in 0.67 seconds (process running for 0.801)
2024-10-16T19:52:43.996+09:00  INFO 20366 --- [reactor-http-nio-2] c.u.controller.CommandController         : 미션 수행 요청: Command(type=2, instanceId=1, latitude=33.33, longitude=33.33, missionItems=[])
2024-10-16T19:52:43.999+09:00  INFO 20366 --- [reactor-http-nio-2] c.u.service.CommandService               : 드론 미션 수신: []
2024-10-16T19:53:33.329+09:00  INFO 20366 --- [reactor-http-nio-3] c.u.controller.CommandController         : 드론 삭제 요청 처리: Command(type=2, instanceId=1, latitude=33.33, longitude=33.33, missionItems=[])
2024-10-16T19:53:33.331+09:00  INFO 20366 --- [reactor-http-nio-3] c.u.service.CommandService               : 드론 삭제 명령 수신: Command(type=2, instanceId=1, latitude=33.33, longitude=33.33, missionItems=[])
2024-10-16T19:54:00.503+09:00  INFO 20366 --- [reactor-http-nio-4] c.u.controller.CommandController         : 드론 삭제 요청 처리: Command(type=1, instanceId=1, latitude=33.33, longitude=33.33, missionItems=[])
2024-10-16T19:54:00.506+09:00  INFO 20366 --- [reactor-http-nio-4] c.u.service.CommandService               : 드론 삭제 명령 수신: Command(type=1, instanceId=1, latitude=33.33, longitude=33.33, missionItems=[])
2024-10-16T19:54:00.513+09:00 ERROR 20366 --- [reactor-http-nio-4] c.u.service.CommandService               : 드론 삭제 실패: 드론 인스턴스 없음
2024-10-16T19:59:19.874+09:00  INFO 20366 --- [reactor-http-nio-5] c.u.controller.CommandController         : 드론 생성 요청 처리: Command(type=0, instanceId=1, latitude=33.33, longitude=33.33, missionItems=[])
2024-10-16T19:59:19.878+09:00  INFO 20366 --- [reactor-http-nio-5] c.u.service.CommandService               : 드론 생성 명령 수신: Command(type=0, instanceId=1, latitude=33.33, longitude=33.33, missionItems=[])
2024-10-16T19:59:19.879+09:00  INFO 20366 --- [reactor-http-nio-5] c.u.service.CommandService               : 드론 생성 성공: DroneInstance(instanceId=1, latitude=33.33, longitude=33.33, altitude=0.0, speed=0.0, status=드론 생성 완료)
2024-10-16T19:59:20.019+09:00 ERROR 20366 --- [reactor-http-nio-5] c.u.controller.CommandController         : 프론트엔드로 전송 중 오류 발생: 404 Not Found: "{"timestamp":"2024-10-16T10:59:19.999+00:00","path":"/droneCreated","status":404,"error":"Not Found","requestId":"df38f6f6-5"}"
2024-10-16T19:59:46.682+09:00  INFO 20366 --- [reactor-http-nio-7] c.u.controller.CommandController         : 드론 삭제 요청 처리: Command(type=1, instanceId=1, latitude=33.33, longitude=33.33, missionItems=[])
2024-10-16T19:59:46.683+09:00  INFO 20366 --- [reactor-http-nio-7] c.u.service.CommandService               : 드론 삭제 명령 수신: Command(type=1, instanceId=1, latitude=33.33, longitude=33.33, missionItems=[])
2024-10-16T19:59:46.684+09:00  INFO 20366 --- [reactor-http-nio-7] c.u.service.CommandService               : 드론 삭제 성공: 1
2024-10-16T19:59:46.720+09:00 ERROR 20366 --- [reactor-http-nio-7] c.u.controller.CommandController         : 프론트엔드로 전송 중 오류 발생: 404 Not Found: "{"timestamp":"2024-10-16T10:59:46.717+00:00","path":"/droneDeleted","status":404,"error":"Not Found","requestId":"e635144f-7"}"
